<?xml version="1.0" encoding="UTF-8"?>
<coverage generated="1603010996928" clover="3.2.0">
  <project timestamp="1603010996929" name="All files">
    <metrics statements="16" coveredstatements="16" conditionals="18" coveredconditionals="18" methods="5" coveredmethods="5" elements="39" coveredelements="39" complexity="0" loc="16" ncloc="16" packages="1" files="1" classes="1"/>
    <file name="calculadoraUtil.js" path="C:\Users\Carlos\Documents\TFG\carlosmg-tfg\calculadora-node-jest\core\src\utils\calculadoraUtil.js">
      <metrics statements="16" coveredstatements="16" conditionals="18" coveredconditionals="18" methods="5" coveredmethods="5"/>
      <line num="4" count="6" type="cond" truecount="4" falsecount="0"/>
      <line num="5" count="1" type="stmt"/>
      <line num="7" count="5" type="stmt"/>
      <line num="11" count="2" type="cond" truecount="4" falsecount="0"/>
      <line num="12" count="1" type="stmt"/>
      <line num="14" count="1" type="stmt"/>
      <line num="18" count="4" type="cond" truecount="4" falsecount="0"/>
      <line num="19" count="1" type="stmt"/>
      <line num="21" count="3" type="cond" truecount="2" falsecount="0"/>
      <line num="22" count="1" type="stmt"/>
      <line num="23" count="2" type="stmt"/>
      <line num="27" count="4" type="cond" truecount="4" falsecount="0"/>
      <line num="28" count="1" type="stmt"/>
      <line num="30" count="3" type="stmt"/>
      <line num="34" count="30" type="stmt"/>
      <line num="38" count="1" type="stmt"/>
    </file>
  </project>
</coverage>
