{"C:\\Users\\Carlos\\Documents\\TFG\\carlosmg-tfg\\calculadora-node-jest\\core\\src\\utils\\calculadoraUtil.js": {"path":"C:\\Users\\Carlos\\Documents\\TFG\\carlosmg-tfg\\calculadora-node-jest\\core\\src\\utils\\calculadoraUtil.js","statementMap":{"0":{"start":{"line":4,"column":1},"end":{"line":6,"column":2}},"1":{"start":{"line":5,"column":2},"end":{"line":5,"column":11}},"2":{"start":{"line":7,"column":1},"end":{"line":7,"column":42}},"3":{"start":{"line":11,"column":1},"end":{"line":13,"column":2}},"4":{"start":{"line":12,"column":2},"end":{"line":12,"column":11}},"5":{"start":{"line":14,"column":1},"end":{"line":14,"column":22}},"6":{"start":{"line":18,"column":1},"end":{"line":20,"column":2}},"7":{"start":{"line":19,"column":2},"end":{"line":19,"column":11}},"8":{"start":{"line":21,"column":1},"end":{"line":22,"column":13}},"9":{"start":{"line":22,"column":2},"end":{"line":22,"column":13}},"10":{"start":{"line":23,"column":1},"end":{"line":23,"column":22}},"11":{"start":{"line":27,"column":1},"end":{"line":29,"column":2}},"12":{"start":{"line":28,"column":2},"end":{"line":28,"column":11}},"13":{"start":{"line":30,"column":1},"end":{"line":30,"column":22}},"14":{"start":{"line":34,"column":1},"end":{"line":34,"column":22}},"15":{"start":{"line":38,"column":0},"end":{"line":44,"column":2}}},"fnMap":{"0":{"name":"suma","decl":{"start":{"line":3,"column":9},"end":{"line":3,"column":13}},"loc":{"start":{"line":3,"column":29},"end":{"line":8,"column":1}},"line":3},"1":{"name":"resta","decl":{"start":{"line":10,"column":9},"end":{"line":10,"column":14}},"loc":{"start":{"line":10,"column":30},"end":{"line":15,"column":1}},"line":10},"2":{"name":"divide","decl":{"start":{"line":17,"column":9},"end":{"line":17,"column":15}},"loc":{"start":{"line":17,"column":31},"end":{"line":24,"column":1}},"line":17},"3":{"name":"multiplica","decl":{"start":{"line":26,"column":9},"end":{"line":26,"column":19}},"loc":{"start":{"line":26,"column":35},"end":{"line":31,"column":1}},"line":26},"4":{"name":"esNumero","decl":{"start":{"line":33,"column":9},"end":{"line":33,"column":17}},"loc":{"start":{"line":33,"column":24},"end":{"line":35,"column":1}},"line":33}},"branchMap":{"0":{"loc":{"start":{"line":4,"column":1},"end":{"line":6,"column":2}},"type":"if","locations":[{"start":{"line":4,"column":1},"end":{"line":6,"column":2}},{"start":{"line":4,"column":1},"end":{"line":6,"column":2}}],"line":4},"1":{"loc":{"start":{"line":4,"column":4},"end":{"line":4,"column":41}},"type":"binary-expr","locations":[{"start":{"line":4,"column":4},"end":{"line":4,"column":21}},{"start":{"line":4,"column":24},"end":{"line":4,"column":41}}],"line":4},"2":{"loc":{"start":{"line":11,"column":1},"end":{"line":13,"column":2}},"type":"if","locations":[{"start":{"line":11,"column":1},"end":{"line":13,"column":2}},{"start":{"line":11,"column":1},"end":{"line":13,"column":2}}],"line":11},"3":{"loc":{"start":{"line":11,"column":4},"end":{"line":11,"column":41}},"type":"binary-expr","locations":[{"start":{"line":11,"column":4},"end":{"line":11,"column":21}},{"start":{"line":11,"column":24},"end":{"line":11,"column":41}}],"line":11},"4":{"loc":{"start":{"line":18,"column":1},"end":{"line":20,"column":2}},"type":"if","locations":[{"start":{"line":18,"column":1},"end":{"line":20,"column":2}},{"start":{"line":18,"column":1},"end":{"line":20,"column":2}}],"line":18},"5":{"loc":{"start":{"line":18,"column":4},"end":{"line":18,"column":41}},"type":"binary-expr","locations":[{"start":{"line":18,"column":4},"end":{"line":18,"column":21}},{"start":{"line":18,"column":24},"end":{"line":18,"column":41}}],"line":18},"6":{"loc":{"start":{"line":21,"column":1},"end":{"line":22,"column":13}},"type":"if","locations":[{"start":{"line":21,"column":1},"end":{"line":22,"column":13}},{"start":{"line":21,"column":1},"end":{"line":22,"column":13}}],"line":21},"7":{"loc":{"start":{"line":27,"column":1},"end":{"line":29,"column":2}},"type":"if","locations":[{"start":{"line":27,"column":1},"end":{"line":29,"column":2}},{"start":{"line":27,"column":1},"end":{"line":29,"column":2}}],"line":27},"8":{"loc":{"start":{"line":27,"column":4},"end":{"line":27,"column":41}},"type":"binary-expr","locations":[{"start":{"line":27,"column":4},"end":{"line":27,"column":21}},{"start":{"line":27,"column":24},"end":{"line":27,"column":41}}],"line":27}},"s":{"0":6,"1":1,"2":5,"3":2,"4":1,"5":1,"6":4,"7":1,"8":3,"9":1,"10":2,"11":4,"12":1,"13":3,"14":30,"15":1},"f":{"0":6,"1":2,"2":4,"3":4,"4":30},"b":{"0":[1,5],"1":[6,5],"2":[1,1],"3":[2,1],"4":[1,3],"5":[4,3],"6":[1,2],"7":[1,3],"8":[4,3]},"_coverageSchema":"1a1c01bbd47fc00a2c39e90264f33305004495a9","hash":"4cd2a0d584a5f990085167fe763d0c5b3bd32531"}
}
