TN:
SF:core\src\utils\calculadoraUtil.js
FN:3,suma
FN:10,resta
FN:17,divide
FN:26,multiplica
FN:33,esNumero
FNF:5
FNH:5
FNDA:6,suma
FNDA:2,resta
FNDA:4,divide
FNDA:4,multiplica
FNDA:30,esNumero
DA:4,6
DA:5,1
DA:7,5
DA:11,2
DA:12,1
DA:14,1
DA:18,4
DA:19,1
DA:21,3
DA:22,1
DA:23,2
DA:27,4
DA:28,1
DA:30,3
DA:34,30
DA:38,1
LF:16
LH:16
BRDA:4,0,0,1
BRDA:4,0,1,5
BRDA:4,1,0,6
BRDA:4,1,1,5
BRDA:11,2,0,1
BRDA:11,2,1,1
BRDA:11,3,0,2
BRDA:11,3,1,1
BRDA:18,4,0,1
BRDA:18,4,1,3
BRDA:18,5,0,4
BRDA:18,5,1,3
BRDA:21,6,0,1
BRDA:21,6,1,2
BRDA:27,7,0,1
BRDA:27,7,1,3
BRDA:27,8,0,4
BRDA:27,8,1,3
BRF:18
BRH:18
end_of_record
